=== IsaacGym Asset Validation ===
Time: 2026-07-05T07:40:00.698822
URDF: /mnt/workspace/AIlab-E6/runs/object_asset_v1/drink_yykx/asset/object.urdf
Asset dir: /mnt/workspace/AIlab-E6/runs/object_asset_v1/drink_yykx/asset

[1/5] Importing isaacgym...
  isaacgym import OK
[2/5] Creating simulation...
  Sim created OK
  Ground plane added
[3/5] Loading asset...
  Loaded OK: 1 body(s), 1 shape(s), 0 DOF(s)
[4/5] Creating environment and spawning actor...
  Actor spawned, handle=0
[5/5] Simulating 60 steps...
  Step 0: pos=(0.0000, 0.0980, 0.0000), dist=0.098m
  Step 10: pos=(-0.0006, 0.0356, -0.0001), dist=0.036m
  Step 20: pos=(-0.0001, 0.0355, -0.0001), dist=0.035m
  Step 30: pos=(-0.0001, 0.0355, -0.0001), dist=0.035m
  Step 40: pos=(-0.0001, 0.0355, -0.0001), dist=0.035m
  Step 50: pos=(-0.0001, 0.0355, -0.0001), dist=0.035m

=== PASS: Asset loads and simulates correctly ===
Body count: 1, Shape count: 1
Position range X: [-0.0006, 0.0000]
Position range Y: [0.0355, 0.0980]
Position range Z: [-0.0001, 0.0000]